<?xml version="1.0" encoding="UTF-8"?>
<testsuite xmlns:xsi="http://www.w3.org/2001/XMLSchema-instance" xsi:noNamespaceSchemaLocation="https://maven.apache.org/surefire/maven-surefire-plugin/xsd/surefire-test-report-3.0.xsd" version="3.0" name="app.ControllerTests" time="6.914" tests="10" errors="0" skipped="0" failures="0">
  <properties>
[...]
</properties>
  <testcase name="testGetCategoryStats" classname="app.ControllerTests" time="0.319">
    <system-out><![CDATA[18:59:33.880 [main] INFO org.springframework.test.context.support.AnnotationConfigContextLoaderUtils -- Could not detect default configuration classes for test class [app.ControllerTests]: ControllerTests does not declare any static, non-private, non-final, nested classes annotated with @Configuration.
18:59:34.148 [main] INFO org.springframework.boot.test.context.SpringBootTestContextBootstrapper -- Found @SpringBootConfiguration app.Application for test class app.ControllerTests

  .   ____          _            __ _ _
 /\\ / ___'_ __ _ _(_)_ __  __ _ \ \ \ \
( ( )\___ | '_ | '_| | '_ \/ _` | \ \ \ \
 \\/  ___)| |_)| | | | | || (_| |  ) ) ) )
  '  |____| .__|_| |_|_| |_\__, | / / / /
 =========|_|==============|___/=/_/_/_/
 :: Spring Boot ::                (v3.2.5)

2025-05-02T18:59:35.072+03:00  INFO 6204 --- [           main] app.ControllerTests                      : Starting ControllerTests using Java 17.0.11 with PID 6204 (started by Admin in C:\Users\user\Desktop\smth\БДУІР\6 сем\курсовая 5\kurs\SERVER)
2025-05-02T18:59:35.076+03:00  INFO 6204 --- [           main] app.ControllerTests                      : No active profile set, falling back to 1 default profile: "default"
2025-05-02T18:59:39.342+03:00  WARN 6204 --- [           main] .s.s.UserDetailsServiceAutoConfiguration : 

Using generated security password: 380a82ec-e545-40ac-999d-c4781b88686e

This generated password is for development use only. Your security configuration must be updated before running your application in production.

2025-05-02T18:59:39.579+03:00  INFO 6204 --- [           main] o.s.s.web.DefaultSecurityFilterChain     : Will secure any request with [org.springframework.security.web.session.DisableEncodeUrlFilter@4b336cc8, org.springframework.security.web.context.request.async.WebAsyncManagerIntegrationFilter@2570b316, org.springframework.security.web.context.SecurityContextHolderFilter@2493eec6, org.springframework.security.web.header.HeaderWriterFilter@57b63253, org.springframework.web.filter.CorsFilter@56881196, org.springframework.security.web.csrf.CsrfFilter@5ddd84d2, org.springframework.security.web.authentication.logout.LogoutFilter@342723a3, org.springframework.security.web.authentication.UsernamePasswordAuthenticationFilter@b808af5, org.springframework.security.web.authentication.ui.DefaultLoginPageGeneratingFilter@60194904, org.springframework.security.web.authentication.ui.DefaultLogoutPageGeneratingFilter@75c33608, org.springframework.security.web.authentication.www.BasicAuthenticationFilter@75b363c3, org.springframework.security.web.savedrequest.RequestCacheAwareFilter@4ec0229c, org.springframework.security.web.servletapi.SecurityContextHolderAwareRequestFilter@173a5fad, org.springframework.security.web.authentication.AnonymousAuthenticationFilter@25464154, org.springframework.security.web.access.ExceptionTranslationFilter@3722f39d, org.springframework.security.web.access.intercept.AuthorizationFilter@26270b77]
2025-05-02T18:59:39.653+03:00  INFO 6204 --- [           main] o.s.b.t.m.w.SpringBootMockServletContext : Initializing Spring TestDispatcherServlet ''
2025-05-02T18:59:39.654+03:00  INFO 6204 --- [           main] o.s.t.web.servlet.TestDispatcherServlet  : Initializing Servlet ''
2025-05-02T18:59:39.657+03:00  INFO 6204 --- [           main] o.s.t.web.servlet.TestDispatcherServlet  : Completed initialization in 2 ms
2025-05-02T18:59:39.705+03:00  INFO 6204 --- [           main] app.ControllerTests                      : Started ControllerTests in 5.384 seconds (process running for 7.306)
]]></system-out>
  </testcase>
  <testcase name="testDeleteOrder" classname="app.ControllerTests" time="0.036"/>
  <testcase name="testGetAllSuppliers" classname="app.ControllerTests" time="0.021"/>
  <testcase name="testGetAllCategories" classname="app.ControllerTests" time="0.011"/>
  <testcase name="testGetFilteredProducts" classname="app.ControllerTests" time="0.01"/>
  <testcase name="testGetAllAddresses" classname="app.ControllerTests" time="0.009"/>
  <testcase name="testGetTopUsersStats" classname="app.ControllerTests" time="0.006"/>
  <testcase name="testGetAllOrders" classname="app.ControllerTests" time="0.008"/>
  <testcase name="testCreateUser" classname="app.ControllerTests" time="0.218">
    <system-out><![CDATA[
MockHttpServletRequest:
      HTTP Method = POST
      Request URI = /api/users
       Parameters = {}
          Headers = [Content-Type:"application/json", Content-Length:"67"]
             Body = <no character encoding set>
    Session Attrs = {}

Handler:
             Type = app.controllers.UserController
           Method = app.controllers.UserController#create(User)

Async:
    Async started = false
     Async result = null

Resolved Exception:
             Type = null

ModelAndView:
        View name = null
             View = null
            Model = null

FlashMap:
       Attributes = null

MockHttpServletResponse:
           Status = 200
    Error message = null
          Headers = [Content-Type:"application/json"]
     Content type = application/json
             Body = {"id":1,"login":"newuser","password":"123456","role":"USER"}
    Forwarded URL = null
   Redirected URL = null
          Cookies = []
]]></system-out>
  </testcase>
  <testcase name="testReportByDate" classname="app.ControllerTests" time="0.021"/>
</testsuite>